2025-07-23 10:48:37 | INFO     | root                 | init_database        | Database initialized successfully
2025-07-23 10:48:38 | INFO     | werkzeug             | _log                 | [31m[1mWARNING: This is a development server. Do not use it in a production deployment. Use a production WSGI server instead.[0m
 * Running on http://127.0.0.1:5000
2025-07-23 10:48:38 | INFO     | werkzeug             | _log                 | [33mPress CTRL+C to quit[0m
2025-07-23 10:48:38 | INFO     | werkzeug             | _log                 |  * Restarting with stat
2025-07-23 10:48:38 | INFO     | root                 | init_database        | Database initialized successfully
2025-07-23 10:48:38 | WARNING  | werkzeug             | _log                 |  * Debugger is active!
2025-07-23 10:48:38 | INFO     | werkzeug             | _log                 |  * Debugger PIN: 137-131-109
2025-07-23 11:01:42 | INFO     | werkzeug             | _log                 | 127.0.0.1 - - [23/Jul/2025 11:01:42] "GET / HTTP/1.1" 200 -
2025-07-23 11:01:42 | INFO     | werkzeug             | _log                 | 127.0.0.1 - - [23/Jul/2025 11:01:42] "[33mGET /favicon.ico HTTP/1.1[0m" 404 -
2025-07-23 11:01:56 | DEBUG    | root                 | chControl            | Choice changed to 2
2025-07-23 11:01:56 | DEBUG    | root                 | get                  | Cache MISS for fibonacci: 4
2025-07-23 11:01:56 | DEBUG    | root                 | set                  | Cache STORED for fibonacci: 4 = 3
2025-07-23 11:01:56 | INFO     | werkzeug             | _log                 | 127.0.0.1 - - [23/Jul/2025 11:01:56] "POST / HTTP/1.1" 200 -
2025-07-23 14:27:59 | INFO     | root                 | init_database        | Database initialized successfully
2025-07-23 14:27:59 | INFO     | werkzeug             | _log                 | [31m[1mWARNING: This is a development server. Do not use it in a production deployment. Use a production WSGI server instead.[0m
 * Running on http://127.0.0.1:5000
2025-07-23 14:27:59 | INFO     | werkzeug             | _log                 | [33mPress CTRL+C to quit[0m
2025-07-23 14:27:59 | INFO     | werkzeug             | _log                 |  * Restarting with stat
2025-07-23 14:28:00 | INFO     | root                 | init_database        | Database initialized successfully
2025-07-23 14:28:00 | WARNING  | werkzeug             | _log                 |  * Debugger is active!
2025-07-23 14:28:00 | INFO     | werkzeug             | _log                 |  * Debugger PIN: 137-131-109
2025-07-23 14:28:06 | INFO     | werkzeug             | _log                 | 127.0.0.1 - - [23/Jul/2025 14:28:06] "GET / HTTP/1.1" 200 -
2025-07-23 14:28:12 | DEBUG    | root                 | chControl            | Choice changed to 1
2025-07-23 14:28:12 | DEBUG    | root                 | get                  | Cache MISS for calculator: 3 + 5
2025-07-23 14:28:12 | DEBUG    | root                 | set                  | Cache STORED for calculator: 3 + 5 = [8.0]
2025-07-23 14:28:12 | INFO     | werkzeug             | _log                 | 127.0.0.1 - - [23/Jul/2025 14:28:12] "POST / HTTP/1.1" 200 -
2025-07-23 15:39:34 | INFO     | root                 | init_database        | Database initialized successfully
2025-07-23 15:39:44 | INFO     | root                 | authenticate_console | User user authenticated successfully with role user
2025-07-23 15:39:45 | INFO     | werkzeug             | _log                 | [31m[1mWARNING: This is a development server. Do not use it in a production deployment. Use a production WSGI server instead.[0m
 * Running on http://127.0.0.1:5000
2025-07-23 15:39:45 | INFO     | werkzeug             | _log                 | [33mPress CTRL+C to quit[0m
2025-07-23 15:39:45 | INFO     | werkzeug             | _log                 |  * Restarting with stat
2025-07-23 15:39:45 | INFO     | root                 | init_database        | Database initialized successfully
2025-07-23 15:40:33 | INFO     | root                 | authenticate_console | User user authenticated successfully with role user
2025-07-23 15:40:33 | WARNING  | werkzeug             | _log                 |  * Debugger is active!
2025-07-23 15:40:33 | INFO     | werkzeug             | _log                 |  * Debugger PIN: 137-131-109
2025-07-23 15:40:33 | INFO     | werkzeug             | _log                 | 127.0.0.1 - - [23/Jul/2025 15:40:33] "GET / HTTP/1.1" 200 -
2025-07-23 15:40:33 | INFO     | werkzeug             | _log                 | 127.0.0.1 - - [23/Jul/2025 15:40:33] "GET / HTTP/1.1" 200 -
2025-07-23 15:40:53 | INFO     | root                 | init_database        | Database initialized successfully
2025-07-23 15:41:03 | INFO     | root                 | authenticate_console | User user authenticated successfully with role user
2025-07-23 15:41:03 | INFO     | werkzeug             | _log                 | [31m[1mWARNING: This is a development server. Do not use it in a production deployment. Use a production WSGI server instead.[0m
 * Running on http://127.0.0.1:5000
2025-07-23 15:41:03 | INFO     | werkzeug             | _log                 | [33mPress CTRL+C to quit[0m
2025-07-23 15:41:03 | INFO     | werkzeug             | _log                 |  * Restarting with stat
2025-07-23 15:41:03 | INFO     | root                 | init_database        | Database initialized successfully
2025-07-23 15:45:13 | INFO     | root                 | init_database        | Database initialized successfully
2025-07-23 15:45:13 | INFO     | werkzeug             | _log                 | [31m[1mWARNING: This is a development server. Do not use it in a production deployment. Use a production WSGI server instead.[0m
 * Running on http://127.0.0.1:5000
2025-07-23 15:45:13 | INFO     | werkzeug             | _log                 | [33mPress CTRL+C to quit[0m
2025-07-23 15:45:13 | INFO     | werkzeug             | _log                 |  * Restarting with stat
2025-07-23 15:45:13 | INFO     | root                 | init_database        | Database initialized successfully
2025-07-23 15:45:13 | WARNING  | werkzeug             | _log                 |  * Debugger is active!
2025-07-23 15:45:13 | INFO     | werkzeug             | _log                 |  * Debugger PIN: 137-131-109
2025-07-23 15:46:57 | INFO     | root                 | init_database        | Database initialized successfully
2025-07-23 15:47:02 | INFO     | root                 | authenticate_console | User user authenticated successfully with role user
2025-07-23 15:47:02 | INFO     | werkzeug             | _log                 | [31m[1mWARNING: This is a development server. Do not use it in a production deployment. Use a production WSGI server instead.[0m
 * Running on http://127.0.0.1:5000
2025-07-23 15:47:02 | INFO     | werkzeug             | _log                 | [33mPress CTRL+C to quit[0m
2025-07-23 15:47:02 | INFO     | werkzeug             | _log                 |  * Restarting with stat
2025-07-23 15:47:03 | INFO     | root                 | init_database        | Database initialized successfully
2025-07-23 15:47:28 | INFO     | root                 | authenticate_console | User user authenticated successfully with role user
2025-07-23 15:47:28 | WARNING  | werkzeug             | _log                 |  * Debugger is active!
2025-07-23 15:47:28 | INFO     | werkzeug             | _log                 |  * Debugger PIN: 137-131-109
2025-07-23 16:11:25 | INFO     | root                 | init_database        | Database initialized successfully
2025-07-23 16:11:33 | INFO     | root                 | authenticate_console | User user authenticated successfully with role user
2025-07-23 16:11:33 | INFO     | werkzeug             | _log                 | [31m[1mWARNING: This is a development server. Do not use it in a production deployment. Use a production WSGI server instead.[0m
 * Running on http://127.0.0.1:5000
2025-07-23 16:11:33 | INFO     | werkzeug             | _log                 | [33mPress CTRL+C to quit[0m
2025-07-23 16:11:33 | INFO     | werkzeug             | _log                 |  * Restarting with stat
2025-07-23 16:11:34 | INFO     | root                 | init_database        | Database initialized successfully
2025-07-23 16:11:34 | INFO     | root                 | _load_auth_state     | Loaded persisted authentication for user (user)
2025-07-23 16:11:34 | WARNING  | werkzeug             | _log                 |  * Debugger is active!
2025-07-23 16:11:34 | INFO     | werkzeug             | _log                 |  * Debugger PIN: 137-131-109
2025-07-23 16:12:00 | INFO     | root                 | _load_auth_state     | Loaded persisted authentication for user (user)
2025-07-23 16:12:00 | INFO     | werkzeug             | _log                 | 127.0.0.1 - - [23/Jul/2025 16:12:00] "GET / HTTP/1.1" 200 -
2025-07-23 16:13:13 | INFO     | root                 | _load_auth_state     | Loaded persisted authentication for user (user)
2025-07-23 16:13:13 | DEBUG    | root                 | get                  | Cache MISS for fibonacci: 51
2025-07-23 16:13:36 | INFO     | root                 | _load_auth_state     | Loaded persisted authentication for user (user)
2025-07-23 16:13:36 | INFO     | werkzeug             | _log                 | 127.0.0.1 - - [23/Jul/2025 16:13:36] "GET / HTTP/1.1" 200 -
2025-07-23 16:13:47 | INFO     | root                 | _load_auth_state     | Loaded persisted authentication for user (user)
2025-07-23 16:13:47 | DEBUG    | root                 | get                  | Cache MISS for fibonacci: 5
2025-07-23 16:13:47 | DEBUG    | root                 | set                  | Cache STORED for fibonacci: 5 = 5
2025-07-23 16:13:47 | INFO     | werkzeug             | _log                 | 127.0.0.1 - - [23/Jul/2025 16:13:47] "POST / HTTP/1.1" 200 -
2025-07-23 16:13:53 | INFO     | root                 | _load_auth_state     | Loaded persisted authentication for user (user)
2025-07-23 16:13:54 | DEBUG    | root                 | get                  | Cache MISS for fibonacci: 51
2025-07-23 16:14:10 | INFO     | root                 | _load_auth_state     | Loaded persisted authentication for user (user)
2025-07-23 16:14:10 | INFO     | werkzeug             | _log                 | 127.0.0.1 - - [23/Jul/2025 16:14:10] "GET / HTTP/1.1" 200 -
2025-07-23 16:14:15 | INFO     | root                 | _load_auth_state     | Loaded persisted authentication for user (user)
2025-07-23 16:14:16 | DEBUG    | root                 | get                  | Cache MISS for fibonacci: 49
2025-07-23 16:14:24 | INFO     | root                 | _load_auth_state     | Loaded persisted authentication for user (user)
2025-07-23 16:14:24 | INFO     | werkzeug             | _log                 | 127.0.0.1 - - [23/Jul/2025 16:14:24] "GET / HTTP/1.1" 200 -
2025-07-23 16:14:28 | INFO     | root                 | _load_auth_state     | Loaded persisted authentication for user (user)
2025-07-23 16:14:29 | DEBUG    | root                 | get                  | Cache MISS for fibonacci: 10
2025-07-23 16:14:29 | DEBUG    | root                 | set                  | Cache STORED for fibonacci: 10 = 55
2025-07-23 16:14:29 | INFO     | werkzeug             | _log                 | 127.0.0.1 - - [23/Jul/2025 16:14:29] "POST / HTTP/1.1" 200 -
2025-07-23 16:14:36 | INFO     | root                 | _load_auth_state     | Loaded persisted authentication for user (user)
2025-07-23 16:14:37 | DEBUG    | root                 | get                  | Cache MISS for fibonacci: 12
2025-07-23 16:14:37 | DEBUG    | root                 | set                  | Cache STORED for fibonacci: 12 = 144
2025-07-23 16:14:37 | INFO     | werkzeug             | _log                 | 127.0.0.1 - - [23/Jul/2025 16:14:37] "POST / HTTP/1.1" 200 -
2025-07-23 16:14:41 | INFO     | root                 | _load_auth_state     | Loaded persisted authentication for user (user)
2025-07-23 16:14:42 | DEBUG    | root                 | get                  | Cache MISS for fibonacci: 15
2025-07-23 16:14:42 | DEBUG    | root                 | set                  | Cache STORED for fibonacci: 15 = 610
2025-07-23 16:14:42 | INFO     | werkzeug             | _log                 | 127.0.0.1 - - [23/Jul/2025 16:14:42] "POST / HTTP/1.1" 200 -
2025-07-23 16:14:45 | INFO     | root                 | _load_auth_state     | Loaded persisted authentication for user (user)
2025-07-23 16:14:47 | DEBUG    | root                 | get                  | Cache MISS for fibonacci: 25
2025-07-23 16:14:47 | DEBUG    | root                 | set                  | Cache STORED for fibonacci: 25 = 75025
2025-07-23 16:14:47 | INFO     | werkzeug             | _log                 | 127.0.0.1 - - [23/Jul/2025 16:14:47] "POST / HTTP/1.1" 200 -
2025-07-23 16:14:52 | INFO     | root                 | _load_auth_state     | Loaded persisted authentication for user (user)
2025-07-23 16:14:53 | DEBUG    | root                 | get                  | Cache MISS for fibonacci: 40
2025-07-23 16:15:49 | INFO     | root                 | _load_auth_state     | Loaded persisted authentication for user (user)
2025-07-23 16:15:49 | INFO     | werkzeug             | _log                 | 127.0.0.1 - - [23/Jul/2025 16:15:49] "GET / HTTP/1.1" 200 -
2025-07-23 16:15:55 | INFO     | root                 | _load_auth_state     | Loaded persisted authentication for user (user)
2025-07-23 16:15:57 | DEBUG    | root                 | get                  | Cache MISS for fibonacci: 35
2025-07-23 16:16:05 | DEBUG    | root                 | set                  | Cache STORED for fibonacci: 35 = 9227465
2025-07-23 16:16:06 | INFO     | werkzeug             | _log                 | 127.0.0.1 - - [23/Jul/2025 16:16:06] "POST / HTTP/1.1" 200 -
2025-07-23 16:16:15 | INFO     | root                 | _load_auth_state     | Loaded persisted authentication for user (user)
2025-07-23 16:16:18 | DEBUG    | root                 | get                  | Cache MISS for fibonacci: 39
2025-07-23 16:16:21 | DEBUG    | root                 | set                  | Cache STORED for fibonacci: 40 = 102334155
2025-07-23 16:16:21 | INFO     | werkzeug             | _log                 | 127.0.0.1 - - [23/Jul/2025 16:16:21] "POST / HTTP/1.1" 200 -
2025-07-23 16:18:23 | INFO     | root                 | init_database        | Database initialized successfully
2025-07-23 16:18:23 | INFO     | root                 | _load_auth_state     | Loaded persisted authentication for user (user)
2025-07-23 16:18:23 | INFO     | werkzeug             | _log                 | [31m[1mWARNING: This is a development server. Do not use it in a production deployment. Use a production WSGI server instead.[0m
 * Running on http://127.0.0.1:5000
2025-07-23 16:18:23 | INFO     | werkzeug             | _log                 | [33mPress CTRL+C to quit[0m
2025-07-23 16:18:23 | INFO     | werkzeug             | _log                 |  * Restarting with stat
2025-07-23 16:18:24 | INFO     | root                 | init_database        | Database initialized successfully
2025-07-23 16:18:24 | INFO     | root                 | _load_auth_state     | Loaded persisted authentication for user (user)
2025-07-23 16:18:24 | WARNING  | werkzeug             | _log                 |  * Debugger is active!
2025-07-23 16:18:24 | INFO     | werkzeug             | _log                 |  * Debugger PIN: 137-131-109
2025-07-23 16:18:38 | INFO     | root                 | _load_auth_state     | Loaded persisted authentication for user (user)
2025-07-23 16:18:38 | INFO     | werkzeug             | _log                 | 127.0.0.1 - - [23/Jul/2025 16:18:38] "GET / HTTP/1.1" 200 -
2025-07-23 16:18:44 | INFO     | root                 | _load_auth_state     | Loaded persisted authentication for user (user)
2025-07-23 16:18:44 | DEBUG    | root                 | get                  | Cache MISS for fibonacci: 29
2025-07-23 16:18:44 | DEBUG    | root                 | set                  | Cache STORED for fibonacci: 29 = 514229
2025-07-23 16:18:44 | INFO     | werkzeug             | _log                 | 127.0.0.1 - - [23/Jul/2025 16:18:44] "POST / HTTP/1.1" 200 -
2025-07-23 16:18:48 | INFO     | root                 | _load_auth_state     | Loaded persisted authentication for user (user)
2025-07-23 16:18:48 | DEBUG    | root                 | get                  | Cache MISS for fibonacci: 30
2025-07-23 16:18:49 | DEBUG    | root                 | set                  | Cache STORED for fibonacci: 30 = 832040
2025-07-23 16:18:49 | INFO     | werkzeug             | _log                 | 127.0.0.1 - - [23/Jul/2025 16:18:49] "POST / HTTP/1.1" 200 -
2025-07-23 16:18:58 | INFO     | root                 | _load_auth_state     | Loaded persisted authentication for user (user)
2025-07-23 16:18:58 | DEBUG    | root                 | get                  | Cache MISS for fibonacci: 31
2025-07-23 16:18:59 | DEBUG    | root                 | set                  | Cache STORED for fibonacci: 31 = 1346269
2025-07-23 16:18:59 | INFO     | werkzeug             | _log                 | 127.0.0.1 - - [23/Jul/2025 16:18:59] "POST / HTTP/1.1" 200 -
2025-07-23 16:19:08 | INFO     | root                 | _load_auth_state     | Loaded persisted authentication for user (user)
2025-07-23 16:19:08 | DEBUG    | root                 | get                  | Cache MISS for fibonacci: 32
2025-07-23 16:19:09 | DEBUG    | root                 | set                  | Cache STORED for fibonacci: 32 = 2178309
2025-07-23 16:19:09 | INFO     | werkzeug             | _log                 | 127.0.0.1 - - [23/Jul/2025 16:19:09] "POST / HTTP/1.1" 200 -
2025-07-23 16:28:09 | INFO     | root                 | init_database        | Database initialized successfully
2025-07-23 16:28:09 | INFO     | root                 | _load_auth_state     | Loaded persisted authentication for user (user)
2025-07-23 16:28:09 | INFO     | werkzeug             | _log                 | [31m[1mWARNING: This is a development server. Do not use it in a production deployment. Use a production WSGI server instead.[0m
 * Running on http://127.0.0.1:5000
2025-07-23 16:28:09 | INFO     | werkzeug             | _log                 | [33mPress CTRL+C to quit[0m
2025-07-23 16:28:09 | INFO     | werkzeug             | _log                 |  * Restarting with stat
2025-07-23 16:28:10 | INFO     | root                 | init_database        | Database initialized successfully
2025-07-23 16:28:10 | INFO     | root                 | _load_auth_state     | Loaded persisted authentication for user (user)
2025-07-23 16:28:10 | WARNING  | werkzeug             | _log                 |  * Debugger is active!
2025-07-23 16:28:10 | INFO     | werkzeug             | _log                 |  * Debugger PIN: 137-131-109
2025-07-23 16:28:21 | INFO     | root                 | init_database        | Database initialized successfully
2025-07-23 16:28:21 | INFO     | root                 | _load_auth_state     | Loaded persisted authentication for user (user)
2025-07-23 16:28:21 | INFO     | werkzeug             | _log                 | [31m[1mWARNING: This is a development server. Do not use it in a production deployment. Use a production WSGI server instead.[0m
 * Running on http://127.0.0.1:5000
2025-07-23 16:28:21 | INFO     | werkzeug             | _log                 | [33mPress CTRL+C to quit[0m
2025-07-23 16:28:21 | INFO     | werkzeug             | _log                 |  * Restarting with stat
2025-07-23 16:28:21 | INFO     | root                 | init_database        | Database initialized successfully
2025-07-23 16:28:21 | INFO     | root                 | _load_auth_state     | Loaded persisted authentication for user (user)
2025-07-23 16:28:21 | WARNING  | werkzeug             | _log                 |  * Debugger is active!
2025-07-23 16:28:21 | INFO     | werkzeug             | _log                 |  * Debugger PIN: 137-131-109
2025-07-23 16:28:34 | INFO     | root                 | init_database        | Database initialized successfully
2025-07-23 16:28:34 | INFO     | root                 | _load_auth_state     | Loaded persisted authentication for user (user)
2025-07-23 16:28:34 | INFO     | werkzeug             | _log                 | [31m[1mWARNING: This is a development server. Do not use it in a production deployment. Use a production WSGI server instead.[0m
 * Running on http://127.0.0.1:5000
2025-07-23 16:28:34 | INFO     | werkzeug             | _log                 | [33mPress CTRL+C to quit[0m
2025-07-23 16:28:34 | INFO     | werkzeug             | _log                 |  * Restarting with stat
2025-07-23 16:28:34 | INFO     | root                 | init_database        | Database initialized successfully
2025-07-23 16:28:34 | INFO     | root                 | _load_auth_state     | Loaded persisted authentication for user (user)
2025-07-23 16:28:34 | WARNING  | werkzeug             | _log                 |  * Debugger is active!
2025-07-23 16:28:34 | INFO     | werkzeug             | _log                 |  * Debugger PIN: 137-131-109
2025-07-23 16:28:43 | INFO     | root                 | init_database        | Database initialized successfully
2025-07-23 16:28:43 | INFO     | root                 | _load_auth_state     | Loaded persisted authentication for user (user)
2025-07-23 16:28:44 | INFO     | werkzeug             | _log                 | [31m[1mWARNING: This is a development server. Do not use it in a production deployment. Use a production WSGI server instead.[0m
 * Running on http://127.0.0.1:5000
2025-07-23 16:28:44 | INFO     | werkzeug             | _log                 | [33mPress CTRL+C to quit[0m
2025-07-23 16:28:44 | INFO     | werkzeug             | _log                 |  * Restarting with stat
2025-07-23 16:28:44 | INFO     | root                 | init_database        | Database initialized successfully
2025-07-23 16:28:44 | INFO     | root                 | _load_auth_state     | Loaded persisted authentication for user (user)
2025-07-23 16:28:44 | WARNING  | werkzeug             | _log                 |  * Debugger is active!
2025-07-23 16:28:44 | INFO     | werkzeug             | _log                 |  * Debugger PIN: 137-131-109
2025-07-23 16:30:01 | INFO     | root                 | init_database        | Database initialized successfully
2025-07-23 16:30:01 | INFO     | root                 | _load_auth_state     | Loaded persisted authentication for user (user)
2025-07-23 16:30:01 | INFO     | werkzeug             | _log                 | [31m[1mWARNING: This is a development server. Do not use it in a production deployment. Use a production WSGI server instead.[0m
 * Running on http://127.0.0.1:5000
2025-07-23 16:30:01 | INFO     | werkzeug             | _log                 | [33mPress CTRL+C to quit[0m
2025-07-23 16:30:01 | INFO     | werkzeug             | _log                 |  * Restarting with stat
2025-07-23 16:30:01 | INFO     | root                 | init_database        | Database initialized successfully
2025-07-23 16:30:01 | INFO     | root                 | _load_auth_state     | Loaded persisted authentication for user (user)
2025-07-23 16:30:01 | WARNING  | werkzeug             | _log                 |  * Debugger is active!
2025-07-23 16:30:01 | INFO     | werkzeug             | _log                 |  * Debugger PIN: 137-131-109
2025-07-23 16:32:53 | INFO     | root                 | init_database        | Database initialized successfully
2025-07-23 16:33:00 | INFO     | root                 | authenticate_console | User user authenticated successfully with role user
2025-07-23 16:33:00 | INFO     | werkzeug             | _log                 | [31m[1mWARNING: This is a development server. Do not use it in a production deployment. Use a production WSGI server instead.[0m
 * Running on http://127.0.0.1:5000
2025-07-23 16:33:00 | INFO     | werkzeug             | _log                 | [33mPress CTRL+C to quit[0m
2025-07-23 16:33:00 | INFO     | werkzeug             | _log                 |  * Restarting with stat
2025-07-23 16:33:00 | INFO     | root                 | init_database        | Database initialized successfully
2025-07-23 16:33:11 | INFO     | root                 | authenticate_console | User user authenticated successfully with role user
2025-07-23 16:33:11 | WARNING  | werkzeug             | _log                 |  * Debugger is active!
2025-07-23 16:33:11 | INFO     | werkzeug             | _log                 |  * Debugger PIN: 137-131-109
2025-07-23 16:33:30 | INFO     | root                 | init_database        | Database initialized successfully
2025-07-23 16:33:35 | INFO     | root                 | authenticate_console | User user authenticated successfully with role user
2025-07-23 16:33:35 | INFO     | werkzeug             | _log                 | [31m[1mWARNING: This is a development server. Do not use it in a production deployment. Use a production WSGI server instead.[0m
 * Running on http://127.0.0.1:5000
2025-07-23 16:33:35 | INFO     | werkzeug             | _log                 | [33mPress CTRL+C to quit[0m
2025-07-23 16:33:35 | INFO     | werkzeug             | _log                 |  * Restarting with stat
2025-07-23 16:33:35 | INFO     | root                 | init_database        | Database initialized successfully
2025-07-23 16:33:41 | INFO     | root                 | authenticate_console | User user authenticated successfully with role user
2025-07-23 16:33:41 | WARNING  | werkzeug             | _log                 |  * Debugger is active!
2025-07-23 16:33:41 | INFO     | werkzeug             | _log                 |  * Debugger PIN: 137-131-109
2025-07-23 16:36:06 | INFO     | root                 | init_database        | Database initialized successfully
2025-07-23 16:36:14 | INFO     | root                 | authenticate_console | User user authenticated successfully with role user
2025-07-23 16:37:47 | INFO     | root                 | init_database        | Database initialized successfully
2025-07-23 16:37:52 | INFO     | root                 | authenticate_console | User user authenticated successfully with role user
2025-07-23 16:41:31 | INFO     | root                 | init_database        | Database initialized successfully
2025-07-23 16:41:31 | INFO     | root                 | _load_auth_state     | Loaded persisted authentication for user (user)
2025-07-23 16:41:31 | INFO     | werkzeug             | _log                 | [31m[1mWARNING: This is a development server. Do not use it in a production deployment. Use a production WSGI server instead.[0m
 * Running on http://127.0.0.1:5000
2025-07-23 16:41:31 | INFO     | werkzeug             | _log                 | [33mPress CTRL+C to quit[0m
2025-07-23 16:41:31 | INFO     | werkzeug             | _log                 |  * Restarting with stat
2025-07-23 16:41:31 | INFO     | root                 | init_database        | Database initialized successfully
2025-07-23 16:41:31 | INFO     | root                 | _load_auth_state     | Loaded persisted authentication for user (user)
2025-07-23 16:41:31 | WARNING  | werkzeug             | _log                 |  * Debugger is active!
2025-07-23 16:41:31 | INFO     | werkzeug             | _log                 |  * Debugger PIN: 137-131-109
2025-07-23 16:44:32 | INFO     | root                 | init_database        | Database initialized successfully
2025-07-23 16:44:32 | INFO     | root                 | _load_auth_state     | Loaded persisted authentication for user (user)
2025-07-23 16:44:32 | INFO     | root                 | <module>             | Cleared persisted authentication state.
2025-07-23 16:44:32 | INFO     | werkzeug             | _log                 | [31m[1mWARNING: This is a development server. Do not use it in a production deployment. Use a production WSGI server instead.[0m
 * Running on http://127.0.0.1:5000
2025-07-23 16:44:32 | INFO     | werkzeug             | _log                 | [33mPress CTRL+C to quit[0m
2025-07-23 16:44:32 | INFO     | werkzeug             | _log                 |  * Restarting with stat
2025-07-23 16:44:32 | INFO     | root                 | init_database        | Database initialized successfully
2025-07-23 16:44:32 | WARNING  | root                 | _load_auth_state     | Failed to load auth state: Expecting value: line 1 column 1 (char 0)
2025-07-23 16:44:32 | INFO     | root                 | <module>             | Cleared persisted authentication state.
2025-07-23 16:44:36 | INFO     | root                 | authenticate_console | User user authenticated successfully with role user
2025-07-23 16:44:36 | WARNING  | werkzeug             | _log                 |  * Debugger is active!
2025-07-23 16:44:36 | INFO     | werkzeug             | _log                 |  * Debugger PIN: 137-131-109
2025-07-23 16:45:12 | INFO     | root                 | _load_auth_state     | Loaded persisted authentication for user (user)
2025-07-23 16:45:12 | INFO     | werkzeug             | _log                 | 127.0.0.1 - - [23/Jul/2025 16:45:12] "GET / HTTP/1.1" 200 -
2025-07-23 16:45:18 | INFO     | root                 | _load_auth_state     | Loaded persisted authentication for user (user)
2025-07-23 16:45:18 | DEBUG    | root                 | get                  | Cache MISS for fibonacci: 4
2025-07-23 16:45:18 | DEBUG    | root                 | set                  | Cache STORED for fibonacci: 4 = 3
2025-07-23 16:45:18 | INFO     | werkzeug             | _log                 | 127.0.0.1 - - [23/Jul/2025 16:45:18] "POST / HTTP/1.1" 200 -
2025-07-23 16:45:31 | INFO     | root                 | init_database        | Database initialized successfully
2025-07-23 16:45:31 | INFO     | root                 | _load_auth_state     | Loaded persisted authentication for user (user)
2025-07-23 16:45:31 | INFO     | root                 | <module>             | Cleared persisted authentication state.
2025-07-23 16:45:31 | INFO     | werkzeug             | _log                 | [31m[1mWARNING: This is a development server. Do not use it in a production deployment. Use a production WSGI server instead.[0m
 * Running on http://127.0.0.1:5000
2025-07-23 16:45:31 | INFO     | werkzeug             | _log                 | [33mPress CTRL+C to quit[0m
2025-07-23 16:45:31 | INFO     | werkzeug             | _log                 |  * Restarting with stat
2025-07-23 16:45:32 | INFO     | root                 | init_database        | Database initialized successfully
2025-07-23 16:45:32 | WARNING  | root                 | _load_auth_state     | Failed to load auth state: Expecting value: line 1 column 1 (char 0)
2025-07-23 16:45:32 | INFO     | root                 | <module>             | Cleared persisted authentication state.
2025-07-23 16:45:36 | INFO     | root                 | authenticate_console | User user authenticated successfully with role user
2025-07-23 16:45:36 | WARNING  | werkzeug             | _log                 |  * Debugger is active!
2025-07-23 16:45:36 | INFO     | werkzeug             | _log                 |  * Debugger PIN: 137-131-109
2025-07-23 16:45:42 | INFO     | root                 | _load_auth_state     | Loaded persisted authentication for user (user)
2025-07-23 16:45:42 | INFO     | werkzeug             | _log                 | 127.0.0.1 - - [23/Jul/2025 16:45:42] "GET / HTTP/1.1" 200 -
2025-07-23 16:45:45 | INFO     | root                 | _load_auth_state     | Loaded persisted authentication for user (user)
2025-07-23 16:45:45 | DEBUG    | root                 | get                  | Cache MISS for fibonacci: 31
2025-07-23 16:45:46 | DEBUG    | root                 | set                  | Cache STORED for fibonacci: 31 = 1346269
2025-07-23 16:45:46 | INFO     | werkzeug             | _log                 | 127.0.0.1 - - [23/Jul/2025 16:45:46] "POST / HTTP/1.1" 200 -
2025-07-23 16:53:36 | INFO     | root                 | init_database        | Database initialized successfully
2025-07-23 16:53:36 | INFO     | root                 | _load_auth_state     | Loaded persisted authentication for user (user)
2025-07-23 16:53:36 | INFO     | root                 | <module>             | Cleared persisted authentication state.
2025-07-23 16:53:36 | INFO     | werkzeug             | _log                 | [31m[1mWARNING: This is a development server. Do not use it in a production deployment. Use a production WSGI server instead.[0m
 * Running on http://127.0.0.1:5000
2025-07-23 16:53:36 | INFO     | werkzeug             | _log                 | [33mPress CTRL+C to quit[0m
2025-07-23 16:53:36 | INFO     | werkzeug             | _log                 |  * Restarting with stat
2025-07-23 16:53:37 | INFO     | root                 | init_database        | Database initialized successfully
2025-07-23 16:53:37 | WARNING  | root                 | _load_auth_state     | Failed to load auth state: Expecting value: line 1 column 1 (char 0)
2025-07-23 16:53:37 | INFO     | root                 | <module>             | Cleared persisted authentication state.
2025-07-23 16:53:42 | INFO     | root                 | authenticate_console | User user authenticated successfully with role user
2025-07-23 16:53:42 | WARNING  | werkzeug             | _log                 |  * Debugger is active!
2025-07-23 16:53:42 | INFO     | werkzeug             | _log                 |  * Debugger PIN: 137-131-109
2025-07-23 16:53:52 | INFO     | root                 | _load_auth_state     | Loaded persisted authentication for user (user)
2025-07-23 16:53:52 | INFO     | werkzeug             | _log                 | 127.0.0.1 - - [23/Jul/2025 16:53:52] "GET / HTTP/1.1" 200 -
2025-07-23 16:54:02 | INFO     | root                 | _load_auth_state     | Loaded persisted authentication for user (user)
2025-07-23 16:54:02 | DEBUG    | root                 | get                  | Cache MISS for fibonacci: 28
2025-07-23 16:54:02 | DEBUG    | root                 | set                  | Cache STORED for fibonacci: 28 = 317811
2025-07-23 16:54:02 | INFO     | werkzeug             | _log                 | 127.0.0.1 - - [23/Jul/2025 16:54:02] "POST / HTTP/1.1" 200 -
2025-07-23 16:54:11 | INFO     | root                 | _load_auth_state     | Loaded persisted authentication for user (user)
2025-07-23 16:54:11 | DEBUG    | root                 | get                  | Cache MISS for fibonacci: 31
2025-07-23 16:54:11 | DEBUG    | root                 | set                  | Cache STORED for fibonacci: 31 = 1346269
2025-07-23 16:54:11 | INFO     | werkzeug             | _log                 | 127.0.0.1 - - [23/Jul/2025 16:54:11] "POST / HTTP/1.1" 200 -
2025-07-23 16:58:15 | INFO     | root                 | init_database        | Database initialized successfully
2025-07-23 16:58:15 | INFO     | root                 | _load_auth_state     | Loaded persisted authentication for user (user)
2025-07-23 16:58:15 | INFO     | root                 | <module>             | Cleared persisted authentication state.
2025-07-23 16:58:15 | INFO     | werkzeug             | _log                 | [31m[1mWARNING: This is a development server. Do not use it in a production deployment. Use a production WSGI server instead.[0m
 * Running on http://127.0.0.1:5000
2025-07-23 16:58:15 | INFO     | werkzeug             | _log                 | [33mPress CTRL+C to quit[0m
2025-07-23 16:58:15 | INFO     | werkzeug             | _log                 |  * Restarting with stat
2025-07-23 16:58:16 | INFO     | root                 | init_database        | Database initialized successfully
2025-07-23 16:58:16 | WARNING  | root                 | _load_auth_state     | Failed to load auth state: Expecting value: line 1 column 1 (char 0)
2025-07-23 16:58:16 | INFO     | root                 | <module>             | Cleared persisted authentication state.
2025-07-23 16:58:20 | INFO     | root                 | authenticate_console | User user authenticated successfully with role user
2025-07-23 16:58:20 | WARNING  | werkzeug             | _log                 |  * Debugger is active!
2025-07-23 16:58:20 | INFO     | werkzeug             | _log                 |  * Debugger PIN: 137-131-109
2025-07-23 16:58:30 | INFO     | root                 | _load_auth_state     | Loaded persisted authentication for user (user)
2025-07-23 16:58:30 | INFO     | werkzeug             | _log                 | 127.0.0.1 - - [23/Jul/2025 16:58:30] "GET / HTTP/1.1" 200 -
2025-07-23 16:58:36 | INFO     | root                 | _load_auth_state     | Loaded persisted authentication for user (user)
2025-07-23 16:58:36 | DEBUG    | root                 | get                  | Cache MISS for fibonacci: 29
2025-07-23 16:58:36 | DEBUG    | root                 | set                  | Cache STORED for fibonacci: 29 = 514229
2025-07-23 16:58:36 | INFO     | werkzeug             | _log                 | 127.0.0.1 - - [23/Jul/2025 16:58:36] "POST / HTTP/1.1" 200 -
2025-07-23 16:58:44 | INFO     | root                 | _load_auth_state     | Loaded persisted authentication for user (user)
2025-07-23 16:58:44 | DEBUG    | root                 | get                  | Cache MISS for fibonacci: 31
2025-07-23 16:58:44 | DEBUG    | root                 | set                  | Cache STORED for fibonacci: 31 = 1346269
2025-07-23 16:58:44 | INFO     | werkzeug             | _log                 | 127.0.0.1 - - [23/Jul/2025 16:58:44] "POST / HTTP/1.1" 200 -
2025-07-23 16:58:51 | INFO     | root                 | _load_auth_state     | Loaded persisted authentication for user (user)
2025-07-23 16:58:51 | DEBUG    | root                 | get                  | Cache HIT for fibonacci: 31 -> 1346269
2025-07-23 16:58:51 | INFO     | werkzeug             | _log                 | 127.0.0.1 - - [23/Jul/2025 16:58:51] "POST / HTTP/1.1" 200 -
2025-07-23 16:58:58 | INFO     | root                 | _load_auth_state     | Loaded persisted authentication for user (user)
2025-07-23 16:58:58 | DEBUG    | root                 | get                  | Cache MISS for fibonacci: 41
2025-07-23 16:58:59 | INFO     | root                 | _load_auth_state     | Loaded persisted authentication for user (user)
2025-07-23 16:58:59 | DEBUG    | root                 | get                  | Cache MISS for fibonacci: 41
2025-07-23 16:59:09 | INFO     | root                 | init_database        | Database initialized successfully
2025-07-23 16:59:09 | INFO     | root                 | _load_auth_state     | Loaded persisted authentication for user (user)
2025-07-23 16:59:09 | INFO     | root                 | <module>             | Cleared persisted authentication state.
2025-07-23 16:59:09 | INFO     | werkzeug             | _log                 | [31m[1mWARNING: This is a development server. Do not use it in a production deployment. Use a production WSGI server instead.[0m
 * Running on http://127.0.0.1:5000
2025-07-23 16:59:09 | INFO     | werkzeug             | _log                 | [33mPress CTRL+C to quit[0m
2025-07-23 16:59:09 | INFO     | werkzeug             | _log                 |  * Restarting with stat
2025-07-23 16:59:09 | INFO     | root                 | init_database        | Database initialized successfully
2025-07-23 16:59:09 | WARNING  | root                 | _load_auth_state     | Failed to load auth state: Expecting value: line 1 column 1 (char 0)
2025-07-23 16:59:09 | INFO     | root                 | <module>             | Cleared persisted authentication state.
2025-07-23 16:59:13 | INFO     | root                 | authenticate_console | User user authenticated successfully with role user
2025-07-23 16:59:13 | WARNING  | werkzeug             | _log                 |  * Debugger is active!
2025-07-23 16:59:13 | INFO     | werkzeug             | _log                 |  * Debugger PIN: 137-131-109
2025-07-23 16:59:20 | INFO     | root                 | _load_auth_state     | Loaded persisted authentication for user (user)
2025-07-23 16:59:20 | INFO     | werkzeug             | _log                 | 127.0.0.1 - - [23/Jul/2025 16:59:20] "GET / HTTP/1.1" 200 -
2025-07-23 16:59:27 | INFO     | root                 | _load_auth_state     | Loaded persisted authentication for user (user)
2025-07-23 16:59:27 | DEBUG    | root                 | get                  | Cache MISS for fibonacci: 31
2025-07-23 16:59:27 | DEBUG    | root                 | set                  | Cache STORED for fibonacci: 31 = 1346269
2025-07-23 16:59:27 | INFO     | werkzeug             | _log                 | 127.0.0.1 - - [23/Jul/2025 16:59:27] "POST / HTTP/1.1" 200 -
2025-07-23 16:59:42 | INFO     | root                 | init_database        | Database initialized successfully
2025-07-23 16:59:42 | INFO     | root                 | _load_auth_state     | Loaded persisted authentication for user (user)
2025-07-23 16:59:42 | INFO     | root                 | <module>             | Cleared persisted authentication state.
2025-07-23 16:59:42 | INFO     | werkzeug             | _log                 | [31m[1mWARNING: This is a development server. Do not use it in a production deployment. Use a production WSGI server instead.[0m
 * Running on http://127.0.0.1:5000
2025-07-23 16:59:42 | INFO     | werkzeug             | _log                 | [33mPress CTRL+C to quit[0m
2025-07-23 16:59:42 | INFO     | werkzeug             | _log                 |  * Restarting with stat
2025-07-23 16:59:42 | INFO     | root                 | init_database        | Database initialized successfully
2025-07-23 16:59:42 | WARNING  | root                 | _load_auth_state     | Failed to load auth state: Expecting value: line 1 column 1 (char 0)
2025-07-23 16:59:42 | INFO     | root                 | <module>             | Cleared persisted authentication state.
2025-07-23 16:59:50 | INFO     | root                 | authenticate_console | User user authenticated successfully with role user
2025-07-23 16:59:50 | WARNING  | werkzeug             | _log                 |  * Debugger is active!
2025-07-23 16:59:50 | INFO     | werkzeug             | _log                 |  * Debugger PIN: 137-131-109
2025-07-23 17:00:01 | INFO     | root                 | _load_auth_state     | Loaded persisted authentication for user (user)
2025-07-23 17:00:01 | INFO     | werkzeug             | _log                 | 127.0.0.1 - - [23/Jul/2025 17:00:01] "GET / HTTP/1.1" 200 -
2025-07-23 17:00:09 | INFO     | root                 | _load_auth_state     | Loaded persisted authentication for user (user)
2025-07-23 17:00:09 | INFO     | werkzeug             | _log                 | 127.0.0.1 - - [23/Jul/2025 17:00:09] "POST / HTTP/1.1" 200 -
2025-07-23 17:00:18 | INFO     | root                 | _load_auth_state     | Loaded persisted authentication for user (user)
2025-07-23 17:00:18 | DEBUG    | root                 | get                  | Cache MISS for fibonacci: 29
2025-07-23 17:00:18 | DEBUG    | root                 | set                  | Cache STORED for fibonacci: 29 = 514229
2025-07-23 17:00:18 | INFO     | werkzeug             | _log                 | 127.0.0.1 - - [23/Jul/2025 17:00:18] "POST / HTTP/1.1" 200 -
2025-07-23 17:00:21 | INFO     | root                 | _load_auth_state     | Loaded persisted authentication for user (user)
2025-07-23 17:00:21 | INFO     | werkzeug             | _log                 | 127.0.0.1 - - [23/Jul/2025 17:00:21] "POST / HTTP/1.1" 200 -
2025-07-23 17:00:27 | INFO     | werkzeug             | _log                 |  * Detected change in 'c:\\Users\\virosca\\Documents\\programs_python\\tema1\\main.py', reloading
2025-07-23 17:00:27 | INFO     | werkzeug             | _log                 |  * Restarting with stat
2025-07-23 17:00:27 | INFO     | root                 | init_database        | Database initialized successfully
2025-07-23 17:00:27 | INFO     | root                 | _load_auth_state     | Loaded persisted authentication for user (user)
2025-07-23 17:00:27 | INFO     | root                 | <module>             | Cleared persisted authentication state.
2025-07-23 17:00:27 | WARNING  | werkzeug             | _log                 |  * Debugger is active!
2025-07-23 17:00:27 | INFO     | werkzeug             | _log                 |  * Debugger PIN: 137-131-109
2025-07-23 17:00:28 | INFO     | werkzeug             | _log                 |  * Detected change in 'c:\\Users\\virosca\\Documents\\programs_python\\tema1\\main.py', reloading
2025-07-23 17:00:28 | INFO     | werkzeug             | _log                 |  * Restarting with stat
2025-07-23 17:00:29 | INFO     | root                 | init_database        | Database initialized successfully
2025-07-23 17:00:29 | WARNING  | root                 | _load_auth_state     | Failed to load auth state: Expecting value: line 1 column 1 (char 0)
2025-07-23 17:00:29 | INFO     | root                 | <module>             | Cleared persisted authentication state.
2025-07-24 10:54:19 | INFO     | root                 | init_database        | Database initialized successfully
2025-07-24 11:00:00 | INFO     | root                 | authenticate_console | User user authenticated successfully with role user
2025-07-24 11:00:00 | INFO     | werkzeug             | _log                 | [31m[1mWARNING: This is a development server. Do not use it in a production deployment. Use a production WSGI server instead.[0m
 * Running on http://127.0.0.1:5000
2025-07-24 11:00:00 | INFO     | werkzeug             | _log                 | [33mPress CTRL+C to quit[0m
2025-07-24 11:00:00 | INFO     | werkzeug             | _log                 |  * Restarting with stat
2025-07-24 11:00:01 | INFO     | root                 | init_database        | Database initialized successfully
2025-07-24 11:00:01 | INFO     | root                 | _load_auth_state     | Loaded persisted authentication for user (user)
2025-07-24 11:00:01 | INFO     | root                 | <module>             | Cleared persisted authentication state.
2025-07-24 11:00:01 | WARNING  | werkzeug             | _log                 |  * Debugger is active!
2025-07-24 11:00:01 | INFO     | werkzeug             | _log                 |  * Debugger PIN: 137-131-109
2025-07-24 11:04:55 | WARNING  | root                 | _load_auth_state     | Failed to load auth state: Expecting value: line 1 column 1 (char 0)
2025-07-24 11:04:55 | INFO     | werkzeug             | _log                 | 127.0.0.1 - - [24/Jul/2025 11:04:55] "GET / HTTP/1.1" 200 -
2025-07-24 11:04:55 | INFO     | werkzeug             | _log                 | 127.0.0.1 - - [24/Jul/2025 11:04:55] "[33mGET /favicon.ico HTTP/1.1[0m" 404 -
2025-07-24 11:08:09 | WARNING  | root                 | _load_auth_state     | Failed to load auth state: Expecting value: line 1 column 1 (char 0)
2025-07-24 11:08:09 | INFO     | werkzeug             | _log                 | 127.0.0.1 - - [24/Jul/2025 11:08:09] "POST / HTTP/1.1" 200 -
2025-07-24 11:08:28 | WARNING  | root                 | _load_auth_state     | Failed to load auth state: Expecting value: line 1 column 1 (char 0)
2025-07-24 11:08:28 | INFO     | werkzeug             | _log                 | 127.0.0.1 - - [24/Jul/2025 11:08:28] "POST / HTTP/1.1" 200 -
2025-07-24 11:08:29 | WARNING  | root                 | _load_auth_state     | Failed to load auth state: Expecting value: line 1 column 1 (char 0)
2025-07-24 11:08:29 | INFO     | werkzeug             | _log                 | 127.0.0.1 - - [24/Jul/2025 11:08:29] "POST / HTTP/1.1" 200 -
2025-07-24 11:08:33 | WARNING  | root                 | _load_auth_state     | Failed to load auth state: Expecting value: line 1 column 1 (char 0)
2025-07-24 11:08:33 | INFO     | werkzeug             | _log                 | 127.0.0.1 - - [24/Jul/2025 11:08:33] "POST / HTTP/1.1" 200 -
2025-07-24 11:08:47 | WARNING  | root                 | _load_auth_state     | Failed to load auth state: Expecting value: line 1 column 1 (char 0)
2025-07-24 11:08:47 | INFO     | werkzeug             | _log                 | 127.0.0.1 - - [24/Jul/2025 11:08:47] "POST / HTTP/1.1" 200 -
2025-07-24 11:08:59 | INFO     | root                 | init_database        | Database initialized successfully
2025-07-24 11:08:59 | WARNING  | root                 | _load_auth_state     | Failed to load auth state: Expecting value: line 1 column 1 (char 0)
2025-07-24 11:08:59 | INFO     | root                 | <module>             | Cleared persisted authentication state.
2025-07-24 11:09:03 | INFO     | root                 | authenticate_console | User user authenticated successfully with role user
2025-07-24 11:09:03 | INFO     | werkzeug             | _log                 | [31m[1mWARNING: This is a development server. Do not use it in a production deployment. Use a production WSGI server instead.[0m
 * Running on http://127.0.0.1:5000
2025-07-24 11:09:03 | INFO     | werkzeug             | _log                 | [33mPress CTRL+C to quit[0m
2025-07-24 11:09:03 | INFO     | werkzeug             | _log                 |  * Restarting with stat
2025-07-24 11:09:03 | INFO     | root                 | init_database        | Database initialized successfully
2025-07-24 11:09:04 | INFO     | root                 | _load_auth_state     | Loaded persisted authentication for user (user)
2025-07-24 11:09:04 | INFO     | root                 | <module>             | Cleared persisted authentication state.
2025-07-24 11:09:04 | WARNING  | werkzeug             | _log                 |  * Debugger is active!
2025-07-24 11:09:04 | INFO     | werkzeug             | _log                 |  * Debugger PIN: 137-131-109
2025-07-24 11:09:09 | WARNING  | root                 | _load_auth_state     | Failed to load auth state: Expecting value: line 1 column 1 (char 0)
2025-07-24 11:09:09 | INFO     | werkzeug             | _log                 | 127.0.0.1 - - [24/Jul/2025 11:09:09] "GET / HTTP/1.1" 200 -
2025-07-24 11:09:13 | WARNING  | root                 | _load_auth_state     | Failed to load auth state: Expecting value: line 1 column 1 (char 0)
2025-07-24 11:09:13 | INFO     | werkzeug             | _log                 | 127.0.0.1 - - [24/Jul/2025 11:09:13] "POST / HTTP/1.1" 200 -
2025-07-24 11:09:15 | WARNING  | root                 | _load_auth_state     | Failed to load auth state: Expecting value: line 1 column 1 (char 0)
2025-07-24 11:09:15 | INFO     | werkzeug             | _log                 | 127.0.0.1 - - [24/Jul/2025 11:09:15] "POST / HTTP/1.1" 200 -
2025-07-24 11:09:35 | INFO     | root                 | init_database        | Database initialized successfully
2025-07-24 11:09:38 | INFO     | root                 | authenticate_console | User user authenticated successfully with role user
2025-07-24 11:09:38 | INFO     | werkzeug             | _log                 | [31m[1mWARNING: This is a development server. Do not use it in a production deployment. Use a production WSGI server instead.[0m
 * Running on http://127.0.0.1:5000
2025-07-24 11:09:38 | INFO     | werkzeug             | _log                 | [33mPress CTRL+C to quit[0m
2025-07-24 11:09:38 | INFO     | werkzeug             | _log                 |  * Restarting with stat
2025-07-24 11:09:38 | INFO     | root                 | init_database        | Database initialized successfully
2025-07-24 11:09:38 | INFO     | root                 | _load_auth_state     | Loaded persisted authentication for user (user)
2025-07-24 11:09:38 | INFO     | root                 | <module>             | Cleared persisted authentication state.
2025-07-24 11:09:38 | WARNING  | werkzeug             | _log                 |  * Debugger is active!
2025-07-24 11:09:38 | INFO     | werkzeug             | _log                 |  * Debugger PIN: 137-131-109
2025-07-24 11:09:47 | WARNING  | root                 | _load_auth_state     | Failed to load auth state: Expecting value: line 1 column 1 (char 0)
2025-07-24 11:09:47 | INFO     | werkzeug             | _log                 | 127.0.0.1 - - [24/Jul/2025 11:09:47] "GET / HTTP/1.1" 200 -
2025-07-24 11:09:51 | WARNING  | root                 | _load_auth_state     | Failed to load auth state: Expecting value: line 1 column 1 (char 0)
2025-07-24 11:09:51 | INFO     | werkzeug             | _log                 | 127.0.0.1 - - [24/Jul/2025 11:09:51] "POST / HTTP/1.1" 200 -
2025-07-24 11:14:20 | INFO     | root                 | init_database        | Database initialized successfully
2025-07-24 11:14:20 | WARNING  | root                 | _load_auth_state     | Failed to load auth state: Expecting value: line 1 column 1 (char 0)
2025-07-24 11:14:20 | INFO     | root                 | <module>             | Cleared persisted authentication state.
2025-07-24 11:14:24 | INFO     | root                 | authenticate_console | User user authenticated successfully with role user
2025-07-24 11:14:24 | INFO     | werkzeug             | _log                 | [31m[1mWARNING: This is a development server. Do not use it in a production deployment. Use a production WSGI server instead.[0m
 * Running on http://127.0.0.1:5000
2025-07-24 11:14:24 | INFO     | werkzeug             | _log                 | [33mPress CTRL+C to quit[0m
2025-07-24 11:14:24 | INFO     | werkzeug             | _log                 |  * Restarting with stat
2025-07-24 11:14:24 | INFO     | root                 | init_database        | Database initialized successfully
2025-07-24 11:14:24 | INFO     | root                 | _load_auth_state     | Loaded persisted authentication for user (user)
2025-07-24 11:14:24 | INFO     | root                 | <module>             | Cleared persisted authentication state.
2025-07-24 11:14:24 | WARNING  | werkzeug             | _log                 |  * Debugger is active!
2025-07-24 11:14:24 | INFO     | werkzeug             | _log                 |  * Debugger PIN: 137-131-109
2025-07-24 11:14:31 | WARNING  | root                 | _load_auth_state     | Failed to load auth state: Expecting value: line 1 column 1 (char 0)
2025-07-24 11:14:31 | INFO     | werkzeug             | _log                 | 127.0.0.1 - - [24/Jul/2025 11:14:31] "GET / HTTP/1.1" 200 -
2025-07-24 11:14:36 | WARNING  | root                 | _load_auth_state     | Failed to load auth state: Expecting value: line 1 column 1 (char 0)
2025-07-24 11:14:36 | INFO     | werkzeug             | _log                 | 127.0.0.1 - - [24/Jul/2025 11:14:36] "POST / HTTP/1.1" 200 -
2025-07-24 11:14:45 | INFO     | werkzeug             | _log                 |  * Detected change in 'c:\\Users\\virosca\\Documents\\programs_python\\tema1\\main.py', reloading
2025-07-24 11:14:45 | INFO     | werkzeug             | _log                 |  * Restarting with stat
2025-07-24 11:14:46 | INFO     | root                 | init_database        | Database initialized successfully
2025-07-24 11:14:46 | WARNING  | root                 | _load_auth_state     | Failed to load auth state: Expecting value: line 1 column 1 (char 0)
2025-07-24 11:14:46 | INFO     | root                 | <module>             | Cleared persisted authentication state.
2025-07-24 11:19:36 | INFO     | root                 | init_database        | Database initialized successfully
2025-07-24 11:19:36 | WARNING  | root                 | _load_auth_state     | Failed to load auth state: Expecting value: line 1 column 1 (char 0)
2025-07-24 11:19:36 | INFO     | root                 | <module>             | Cleared persisted authentication state.
2025-07-24 11:19:40 | INFO     | root                 | authenticate_console | User user authenticated successfully with role user
2025-07-24 11:19:40 | INFO     | werkzeug             | _log                 | [31m[1mWARNING: This is a development server. Do not use it in a production deployment. Use a production WSGI server instead.[0m
 * Running on http://127.0.0.1:5000
2025-07-24 11:19:40 | INFO     | werkzeug             | _log                 | [33mPress CTRL+C to quit[0m
2025-07-24 11:19:40 | INFO     | werkzeug             | _log                 |  * Restarting with stat
2025-07-24 11:19:41 | INFO     | root                 | init_database        | Database initialized successfully
2025-07-24 11:19:41 | INFO     | root                 | _load_auth_state     | Loaded persisted authentication for user (user)
2025-07-24 11:19:41 | INFO     | root                 | <module>             | Cleared persisted authentication state.
2025-07-24 11:19:41 | WARNING  | werkzeug             | _log                 |  * Debugger is active!
2025-07-24 11:19:41 | INFO     | werkzeug             | _log                 |  * Debugger PIN: 137-131-109
2025-07-24 11:19:48 | WARNING  | root                 | _load_auth_state     | Failed to load auth state: Expecting value: line 1 column 1 (char 0)
2025-07-24 11:19:48 | INFO     | werkzeug             | _log                 | 127.0.0.1 - - [24/Jul/2025 11:19:48] "GET / HTTP/1.1" 200 -
2025-07-24 11:19:53 | WARNING  | root                 | _load_auth_state     | Failed to load auth state: Expecting value: line 1 column 1 (char 0)
2025-07-24 11:19:53 | WARNING  | root                 | index                | Permission denied for user user: Authentication required
2025-07-24 11:19:53 | INFO     | werkzeug             | _log                 | 127.0.0.1 - - [24/Jul/2025 11:19:53] "POST / HTTP/1.1" 200 -
2025-07-24 11:20:14 | INFO     | werkzeug             | _log                 |  * Detected change in 'c:\\Users\\virosca\\Documents\\programs_python\\tema1\\main.py', reloading
2025-07-24 11:20:14 | INFO     | werkzeug             | _log                 |  * Restarting with stat
2025-07-24 11:20:15 | INFO     | root                 | init_database        | Database initialized successfully
2025-07-24 11:20:15 | WARNING  | root                 | _load_auth_state     | Failed to load auth state: Expecting value: line 1 column 1 (char 0)
2025-07-24 11:20:15 | INFO     | root                 | <module>             | Cleared persisted authentication state.
2025-07-24 11:20:24 | INFO     | root                 | init_database        | Database initialized successfully
2025-07-24 11:20:24 | WARNING  | root                 | _load_auth_state     | Failed to load auth state: Expecting value: line 1 column 1 (char 0)
2025-07-24 11:20:24 | INFO     | root                 | <module>             | Cleared persisted authentication state.
2025-07-24 11:20:30 | INFO     | root                 | authenticate_console | User user authenticated successfully with role user
2025-07-24 11:20:30 | INFO     | werkzeug             | _log                 | [31m[1mWARNING: This is a development server. Do not use it in a production deployment. Use a production WSGI server instead.[0m
 * Running on http://127.0.0.1:5000
2025-07-24 11:20:30 | INFO     | werkzeug             | _log                 | [33mPress CTRL+C to quit[0m
2025-07-24 11:20:30 | INFO     | werkzeug             | _log                 |  * Restarting with stat
2025-07-24 11:20:31 | INFO     | root                 | init_database        | Database initialized successfully
2025-07-24 11:20:31 | INFO     | root                 | _load_auth_state     | Loaded persisted authentication for user (user)
2025-07-24 11:20:31 | INFO     | root                 | <module>             | Cleared persisted authentication state.
2025-07-24 11:20:31 | WARNING  | werkzeug             | _log                 |  * Debugger is active!
2025-07-24 11:20:31 | INFO     | werkzeug             | _log                 |  * Debugger PIN: 137-131-109
2025-07-24 11:20:46 | WARNING  | root                 | _load_auth_state     | Failed to load auth state: Expecting value: line 1 column 1 (char 0)
2025-07-24 11:20:46 | INFO     | werkzeug             | _log                 | 127.0.0.1 - - [24/Jul/2025 11:20:46] "GET / HTTP/1.1" 200 -
2025-07-24 11:20:55 | WARNING  | root                 | _load_auth_state     | Failed to load auth state: Expecting value: line 1 column 1 (char 0)
2025-07-24 11:20:55 | WARNING  | root                 | index                | Permission denied for user user: Authentication required
2025-07-24 11:20:55 | INFO     | werkzeug             | _log                 | 127.0.0.1 - - [24/Jul/2025 11:20:55] "POST / HTTP/1.1" 200 -
2025-07-24 11:21:02 | INFO     | werkzeug             | _log                 |  * Detected change in 'c:\\Users\\virosca\\Documents\\programs_python\\tema1\\main.py', reloading
2025-07-24 11:21:02 | INFO     | werkzeug             | _log                 |  * Restarting with stat
2025-07-24 11:21:02 | INFO     | root                 | init_database        | Database initialized successfully
2025-07-24 11:21:02 | WARNING  | root                 | _load_auth_state     | Failed to load auth state: Expecting value: line 1 column 1 (char 0)
2025-07-24 11:21:02 | INFO     | root                 | <module>             | Cleared persisted authentication state.
2025-07-24 11:28:03 | INFO     | root                 | init_database        | Database initialized successfully
2025-07-24 11:28:03 | WARNING  | root                 | _load_auth_state     | Failed to load auth state: Expecting value: line 1 column 1 (char 0)
2025-07-24 11:28:07 | INFO     | root                 | authenticate_console | User user authenticated successfully with role user
2025-07-24 11:28:07 | INFO     | werkzeug             | _log                 | [31m[1mWARNING: This is a development server. Do not use it in a production deployment. Use a production WSGI server instead.[0m
 * Running on http://127.0.0.1:5000
2025-07-24 11:28:07 | INFO     | werkzeug             | _log                 | [33mPress CTRL+C to quit[0m
2025-07-24 11:28:07 | INFO     | werkzeug             | _log                 |  * Restarting with stat
2025-07-24 11:28:07 | INFO     | root                 | init_database        | Database initialized successfully
2025-07-24 11:28:07 | INFO     | root                 | _load_auth_state     | Loaded persisted authentication for user (user)
2025-07-24 11:28:07 | WARNING  | werkzeug             | _log                 |  * Debugger is active!
2025-07-24 11:28:07 | INFO     | werkzeug             | _log                 |  * Debugger PIN: 137-131-109
2025-07-24 11:28:14 | INFO     | root                 | _load_auth_state     | Loaded persisted authentication for user (user)
2025-07-24 11:28:14 | INFO     | werkzeug             | _log                 | 127.0.0.1 - - [24/Jul/2025 11:28:14] "GET / HTTP/1.1" 200 -
2025-07-24 11:28:19 | INFO     | root                 | _load_auth_state     | Loaded persisted authentication for user (user)
2025-07-24 11:28:19 | DEBUG    | root                 | get                  | Cache MISS for fibonacci: 29
2025-07-24 11:28:19 | DEBUG    | root                 | set                  | Cache STORED for fibonacci: 29 = 514229
2025-07-24 11:28:19 | INFO     | root                 | index                | Calculation completed for user user: fibonacci
2025-07-24 11:28:19 | INFO     | werkzeug             | _log                 | 127.0.0.1 - - [24/Jul/2025 11:28:19] "POST / HTTP/1.1" 200 -
2025-07-24 11:30:23 | INFO     | root                 | init_database        | Database initialized successfully
2025-07-24 11:30:23 | INFO     | root                 | _load_auth_state     | Loaded persisted authentication for user (user)
2025-07-24 11:30:23 | INFO     | werkzeug             | _log                 | [31m[1mWARNING: This is a development server. Do not use it in a production deployment. Use a production WSGI server instead.[0m
 * Running on http://127.0.0.1:5000
2025-07-24 11:30:23 | INFO     | werkzeug             | _log                 | [33mPress CTRL+C to quit[0m
2025-07-24 11:30:23 | INFO     | werkzeug             | _log                 |  * Restarting with stat
2025-07-24 11:30:23 | INFO     | root                 | init_database        | Database initialized successfully
2025-07-24 11:30:23 | INFO     | root                 | _load_auth_state     | Loaded persisted authentication for user (user)
2025-07-24 11:30:23 | WARNING  | werkzeug             | _log                 |  * Debugger is active!
2025-07-24 11:30:23 | INFO     | werkzeug             | _log                 |  * Debugger PIN: 137-131-109
2025-07-24 11:30:34 | INFO     | root                 | init_database        | Database initialized successfully
2025-07-24 11:30:34 | INFO     | root                 | _load_auth_state     | Loaded persisted authentication for user (user)
2025-07-24 11:30:34 | INFO     | werkzeug             | _log                 | [31m[1mWARNING: This is a development server. Do not use it in a production deployment. Use a production WSGI server instead.[0m
 * Running on http://127.0.0.1:5000
2025-07-24 11:30:34 | INFO     | werkzeug             | _log                 | [33mPress CTRL+C to quit[0m
2025-07-24 11:30:34 | INFO     | werkzeug             | _log                 |  * Restarting with stat
2025-07-24 11:30:34 | INFO     | root                 | init_database        | Database initialized successfully
2025-07-24 11:30:34 | INFO     | root                 | _load_auth_state     | Loaded persisted authentication for user (user)
2025-07-24 11:30:34 | WARNING  | werkzeug             | _log                 |  * Debugger is active!
2025-07-24 11:30:34 | INFO     | werkzeug             | _log                 |  * Debugger PIN: 137-131-109
2025-07-24 11:30:35 | INFO     | root                 | logout               | User user logged out
2025-07-24 11:30:35 | INFO     | root                 | logout               | User user logged out
2025-07-24 11:31:53 | INFO     | root                 | init_database        | Database initialized successfully
2025-07-24 11:31:56 | INFO     | root                 | authenticate_console | User user authenticated successfully with role user
2025-07-24 11:31:56 | INFO     | root                 | logout               | User user logged out
2025-07-24 11:34:39 | INFO     | root                 | init_database        | Database initialized successfully
2025-07-24 11:34:42 | INFO     | root                 | authenticate_console | User user authenticated successfully with role user
2025-07-24 11:34:42 | INFO     | root                 | logout               | User user logged out
2025-07-24 11:35:22 | INFO     | root                 | init_database        | Database initialized successfully
2025-07-24 11:35:25 | INFO     | root                 | authenticate_console | User user authenticated successfully with role user
2025-07-24 11:35:25 | INFO     | root                 | logout               | User user logged out
2025-07-24 11:37:13 | INFO     | root                 | init_database        | Database initialized successfully
2025-07-24 11:37:16 | INFO     | root                 | authenticate_console | User user authenticated successfully with role user
2025-07-24 11:37:16 | INFO     | werkzeug             | _log                 | [31m[1mWARNING: This is a development server. Do not use it in a production deployment. Use a production WSGI server instead.[0m
 * Running on http://127.0.0.1:5000
2025-07-24 11:37:16 | INFO     | werkzeug             | _log                 | [33mPress CTRL+C to quit[0m
2025-07-24 11:37:16 | INFO     | werkzeug             | _log                 |  * Restarting with stat
2025-07-24 11:37:17 | INFO     | root                 | init_database        | Database initialized successfully
2025-07-24 11:37:17 | INFO     | root                 | _load_auth_state     | Loaded persisted authentication for user (user)
2025-07-24 11:37:17 | WARNING  | werkzeug             | _log                 |  * Debugger is active!
2025-07-24 11:37:17 | INFO     | werkzeug             | _log                 |  * Debugger PIN: 137-131-109
2025-07-24 11:37:28 | INFO     | root                 | init_database        | Database initialized successfully
2025-07-24 11:37:28 | INFO     | root                 | _load_auth_state     | Loaded persisted authentication for user (user)
2025-07-24 11:37:28 | INFO     | werkzeug             | _log                 | [31m[1mWARNING: This is a development server. Do not use it in a production deployment. Use a production WSGI server instead.[0m
 * Running on http://127.0.0.1:5000
2025-07-24 11:37:28 | INFO     | werkzeug             | _log                 | [33mPress CTRL+C to quit[0m
2025-07-24 11:37:28 | INFO     | werkzeug             | _log                 |  * Restarting with stat
2025-07-24 11:37:28 | INFO     | root                 | init_database        | Database initialized successfully
2025-07-24 11:37:28 | INFO     | root                 | _load_auth_state     | Loaded persisted authentication for user (user)
2025-07-24 11:37:28 | WARNING  | werkzeug             | _log                 |  * Debugger is active!
2025-07-24 11:37:28 | INFO     | werkzeug             | _log                 |  * Debugger PIN: 137-131-109
2025-07-24 11:45:10 | INFO     | root                 | init_database        | Database initialized successfully
2025-07-24 11:45:14 | INFO     | root                 | authenticate_console | User user authenticated successfully with role user
2025-07-24 11:45:14 | INFO     | root                 | setup_signal_handlers | Signal handlers registered for graceful shutdown
2025-07-24 11:45:14 | INFO     | werkzeug             | _log                 | [31m[1mWARNING: This is a development server. Do not use it in a production deployment. Use a production WSGI server instead.[0m
 * Running on http://127.0.0.1:5000
2025-07-24 11:45:14 | INFO     | werkzeug             | _log                 | [33mPress CTRL+C to quit[0m
2025-07-24 11:45:24 | INFO     | root                 | init_database        | Database initialized successfully
2025-07-24 11:45:24 | INFO     | root                 | _load_auth_state     | Loaded persisted authentication for user (user)
2025-07-24 11:45:24 | INFO     | root                 | setup_signal_handlers | Signal handlers registered for graceful shutdown
2025-07-24 11:45:25 | INFO     | werkzeug             | _log                 | [31m[1mWARNING: This is a development server. Do not use it in a production deployment. Use a production WSGI server instead.[0m
 * Running on http://127.0.0.1:5000
2025-07-24 11:45:25 | INFO     | werkzeug             | _log                 | [33mPress CTRL+C to quit[0m
2025-07-24 11:45:27 | INFO     | root                 | logout               | User user (user) logging out
2025-07-24 11:45:27 | INFO     | root                 | logout               | Logout details: {'user': 'user', 'role': 'user', 'logout_time': '2025-07-24T08:45:27.560116', 'session_ended': True}
2025-07-24 11:45:27 | INFO     | root                 | logout               | Persisted authentication state removed
2025-07-24 11:49:01 | INFO     | root                 | init_database        | Database initialized successfully
2025-07-24 11:49:05 | INFO     | root                 | authenticate_console | User user authenticated successfully with role user
2025-07-24 11:49:05 | INFO     | root                 | setup_signal_handlers | Signal handlers registered for graceful shutdown
2025-07-24 11:49:05 | INFO     | werkzeug             | _log                 | [31m[1mWARNING: This is a development server. Do not use it in a production deployment. Use a production WSGI server instead.[0m
 * Running on http://127.0.0.1:5000
2025-07-24 11:49:05 | INFO     | werkzeug             | _log                 | [33mPress CTRL+C to quit[0m
2025-07-24 11:49:25 | INFO     | root                 | logout               | User user (user) logging out
2025-07-24 11:49:25 | INFO     | root                 | logout               | Logout details: {'user': 'user', 'role': 'user', 'logout_time': '2025-07-24T08:49:25.400127', 'session_ended': True}
2025-07-24 11:49:40 | INFO     | root                 | init_database        | Database initialized successfully
2025-07-24 11:49:49 | INFO     | root                 | authenticate_console | User user authenticated successfully with role user
2025-07-24 11:49:49 | INFO     | root                 | setup_signal_handlers | Signal handlers registered for graceful shutdown
2025-07-24 11:49:49 | INFO     | werkzeug             | _log                 | [31m[1mWARNING: This is a development server. Do not use it in a production deployment. Use a production WSGI server instead.[0m
 * Running on http://127.0.0.1:5000
2025-07-24 11:49:49 | INFO     | werkzeug             | _log                 | [33mPress CTRL+C to quit[0m
2025-07-24 11:49:55 | INFO     | root                 | init_database        | Database initialized successfully
2025-07-24 11:49:55 | INFO     | root                 | _load_auth_state     | Loaded persisted authentication for user (user)
2025-07-24 11:49:55 | INFO     | root                 | setup_signal_handlers | Signal handlers registered for graceful shutdown
2025-07-24 11:49:55 | INFO     | werkzeug             | _log                 | [31m[1mWARNING: This is a development server. Do not use it in a production deployment. Use a production WSGI server instead.[0m
 * Running on http://127.0.0.1:5000
2025-07-24 11:49:55 | INFO     | werkzeug             | _log                 | [33mPress CTRL+C to quit[0m
2025-07-24 11:50:31 | INFO     | root                 | init_database        | Database initialized successfully
2025-07-24 11:50:37 | INFO     | root                 | authenticate_console | User user authenticated successfully with role user
2025-07-24 11:50:37 | INFO     | root                 | setup_signal_handlers | Signal handlers registered for graceful shutdown
2025-07-24 11:50:38 | INFO     | werkzeug             | _log                 | [31m[1mWARNING: This is a development server. Do not use it in a production deployment. Use a production WSGI server instead.[0m
 * Running on http://127.0.0.1:5000
2025-07-24 11:50:38 | INFO     | werkzeug             | _log                 | [33mPress CTRL+C to quit[0m
2025-07-24 11:51:14 | INFO     | root                 | init_database        | Database initialized successfully
2025-07-24 11:51:14 | INFO     | root                 | _load_auth_state     | Loaded persisted authentication for user (user)
2025-07-24 11:51:14 | INFO     | root                 | setup_signal_handlers | Signal handlers registered for graceful shutdown
2025-07-24 11:51:14 | INFO     | werkzeug             | _log                 | [31m[1mWARNING: This is a development server. Do not use it in a production deployment. Use a production WSGI server instead.[0m
 * Running on http://127.0.0.1:5000
2025-07-24 11:51:14 | INFO     | werkzeug             | _log                 | [33mPress CTRL+C to quit[0m
2025-07-24 11:53:48 | INFO     | root                 | logout               | User user (user) logging out
2025-07-24 11:53:49 | INFO     | root                 | logout               | Logout details: {'user': 'user', 'role': 'user', 'logout_time': '2025-07-24T08:53:49.223423', 'session_ended': True}
2025-07-24 11:53:55 | INFO     | root                 | init_database        | Database initialized successfully
2025-07-24 11:53:59 | INFO     | root                 | authenticate_console | User user authenticated successfully with role user
2025-07-24 11:53:59 | INFO     | root                 | setup_signal_handlers | Signal handlers registered for graceful shutdown
2025-07-24 11:53:59 | INFO     | werkzeug             | _log                 | [31m[1mWARNING: This is a development server. Do not use it in a production deployment. Use a production WSGI server instead.[0m
 * Running on http://127.0.0.1:5000
2025-07-24 11:53:59 | INFO     | werkzeug             | _log                 | [33mPress CTRL+C to quit[0m
2025-07-24 11:54:05 | INFO     | root                 | init_database        | Database initialized successfully
2025-07-24 11:54:10 | INFO     | root                 | authenticate_console | User user authenticated successfully with role user
2025-07-24 11:54:10 | INFO     | root                 | setup_signal_handlers | Signal handlers registered for graceful shutdown
2025-07-24 11:54:10 | INFO     | werkzeug             | _log                 | [31m[1mWARNING: This is a development server. Do not use it in a production deployment. Use a production WSGI server instead.[0m
 * Running on http://127.0.0.1:5000
2025-07-24 11:54:10 | INFO     | werkzeug             | _log                 | [33mPress CTRL+C to quit[0m
2025-07-24 11:54:14 | INFO     | root                 | logout               | User user (user) logging out
2025-07-24 11:54:14 | INFO     | root                 | logout               | Logout details: {'user': 'user', 'role': 'user', 'logout_time': '2025-07-24T08:54:14.803990', 'session_ended': True}
2025-07-24 11:54:14 | INFO     | root                 | logout               | Persisted authentication state removed
2025-07-24 13:11:32 | INFO     | root                 | init_database        | Database initialized successfully
2025-07-24 13:15:30 | INFO     | root                 | authenticate_console | User user authenticated successfully with role user
2025-07-24 13:15:30 | INFO     | root                 | setup_signal_handlers | Signal handlers registered for graceful shutdown
2025-07-24 13:15:30 | INFO     | werkzeug             | _log                 | [31m[1mWARNING: This is a development server. Do not use it in a production deployment. Use a production WSGI server instead.[0m
 * Running on http://127.0.0.1:5000
2025-07-24 13:15:30 | INFO     | werkzeug             | _log                 | [33mPress CTRL+C to quit[0m
2025-07-24 13:18:50 | INFO     | root                 | _load_auth_state     | Loaded persisted authentication for user (user)
2025-07-24 13:18:50 | INFO     | werkzeug             | _log                 | 127.0.0.1 - - [24/Jul/2025 13:18:50] "GET / HTTP/1.1" 200 -
2025-07-24 13:21:04 | INFO     | root                 | _load_auth_state     | Loaded persisted authentication for user (user)
2025-07-24 13:21:04 | DEBUG    | root                 | get                  | Cache MISS for fibonacci: 29
2025-07-24 13:21:04 | DEBUG    | root                 | set                  | Cache STORED for fibonacci: 29 = 514229
2025-07-24 13:21:04 | INFO     | werkzeug             | _log                 | 127.0.0.1 - - [24/Jul/2025 13:21:04] "POST / HTTP/1.1" 200 -
2025-07-24 13:25:36 | INFO     | root                 | _load_auth_state     | Loaded persisted authentication for user (user)
2025-07-24 13:25:36 | INFO     | werkzeug             | _log                 | 127.0.0.1 - - [24/Jul/2025 13:25:36] "POST / HTTP/1.1" 200 -
2025-07-24 13:28:02 | INFO     | root                 | logout               | User user (user) logging out
2025-07-24 13:28:02 | INFO     | root                 | logout               | Logout details: {'user': 'user', 'role': 'user', 'logout_time': '2025-07-24T10:28:02.643913', 'session_ended': True}
2025-07-24 13:28:02 | INFO     | root                 | logout               | Persisted authentication state removed
2025-07-24 13:59:26 | INFO     | root                 | init_database        | Database initialized successfully
2025-07-24 14:01:42 | INFO     | root                 | authenticate_console | User admin authenticated successfully with role admin
2025-07-24 14:01:42 | INFO     | root                 | setup_signal_handlers | Signal handlers registered for graceful shutdown
2025-07-24 14:01:42 | INFO     | werkzeug             | _log                 | [31m[1mWARNING: This is a development server. Do not use it in a production deployment. Use a production WSGI server instead.[0m
 * Running on http://127.0.0.1:5000
2025-07-24 14:01:42 | INFO     | werkzeug             | _log                 | [33mPress CTRL+C to quit[0m
2025-07-24 14:05:04 | INFO     | root                 | _load_auth_state     | Loaded persisted authentication for admin (admin)
2025-07-24 14:05:04 | INFO     | werkzeug             | _log                 | 127.0.0.1 - - [24/Jul/2025 14:05:04] "GET / HTTP/1.1" 200 -
2025-07-24 14:06:30 | INFO     | root                 | _load_auth_state     | Loaded persisted authentication for admin (admin)
2025-07-24 14:06:30 | DEBUG    | root                 | get                  | Cache MISS for fibonacci: 31
2025-07-24 14:06:31 | DEBUG    | root                 | set                  | Cache STORED for fibonacci: 31 = 1346269
2025-07-24 14:06:31 | INFO     | werkzeug             | _log                 | 127.0.0.1 - - [24/Jul/2025 14:06:31] "POST / HTTP/1.1" 200 -
2025-07-24 14:08:12 | INFO     | root                 | logout               | User admin (admin) logging out
2025-07-24 14:08:12 | INFO     | root                 | logout               | Logout details: {'user': 'admin', 'role': 'admin', 'logout_time': '2025-07-24T11:08:12.952662', 'session_ended': True}
2025-07-24 14:08:12 | INFO     | root                 | logout               | Persisted authentication state removed
2025-07-24 17:16:29 | INFO     | root                 | init_database        | Database initialized successfully
2025-07-24 17:16:35 | INFO     | root                 | authenticate_console | User user authenticated successfully with role user
2025-07-24 17:16:35 | INFO     | root                 | setup_signal_handlers | Signal handlers registered for graceful shutdown
2025-07-24 17:16:35 | INFO     | werkzeug             | _log                 | [31m[1mWARNING: This is a development server. Do not use it in a production deployment. Use a production WSGI server instead.[0m
 * Running on http://127.0.0.1:5000
2025-07-24 17:16:35 | INFO     | werkzeug             | _log                 | [33mPress CTRL+C to quit[0m
2025-07-24 17:16:43 | INFO     | root                 | _load_auth_state     | Loaded persisted authentication for user (user)
2025-07-24 17:16:43 | INFO     | werkzeug             | _log                 | 127.0.0.1 - - [24/Jul/2025 17:16:43] "GET / HTTP/1.1" 200 -
2025-07-24 17:16:43 | INFO     | werkzeug             | _log                 | 127.0.0.1 - - [24/Jul/2025 17:16:43] "[33mGET /favicon.ico HTTP/1.1[0m" 404 -
2025-07-24 17:16:48 | INFO     | root                 | _load_auth_state     | Loaded persisted authentication for user (user)
2025-07-24 17:16:48 | DEBUG    | root                 | get                  | Cache MISS for fibonacci: 29
2025-07-24 17:16:48 | DEBUG    | root                 | set                  | Cache STORED for fibonacci: 29 = 514229
2025-07-24 17:16:48 | INFO     | werkzeug             | _log                 | 127.0.0.1 - - [24/Jul/2025 17:16:48] "POST / HTTP/1.1" 200 -
2025-07-24 17:16:59 | INFO     | root                 | _load_auth_state     | Loaded persisted authentication for user (user)
2025-07-24 17:16:59 | INFO     | werkzeug             | _log                 | 127.0.0.1 - - [24/Jul/2025 17:16:59] "POST / HTTP/1.1" 200 -
2025-07-24 17:17:04 | INFO     | root                 | logout               | User user (user) logging out
2025-07-24 17:17:04 | INFO     | root                 | logout               | Logout details: {'user': 'user', 'role': 'user', 'logout_time': '2025-07-24T14:17:04.520517', 'session_ended': True}
2025-07-24 17:17:04 | INFO     | root                 | logout               | Persisted authentication state removed
2025-07-24 17:33:54 | INFO     | root                 | init_database        | Database initialized successfully
2025-07-24 17:33:58 | INFO     | root                 | authenticate_console | User user authenticated successfully with role user
2025-07-24 17:33:58 | INFO     | root                 | setup_signal_handlers | Signal handlers registered for graceful shutdown
2025-07-24 17:33:58 | INFO     | werkzeug             | _log                 | [31m[1mWARNING: This is a development server. Do not use it in a production deployment. Use a production WSGI server instead.[0m
 * Running on http://127.0.0.1:5000
2025-07-24 17:33:58 | INFO     | werkzeug             | _log                 | [33mPress CTRL+C to quit[0m
2025-07-24 17:34:05 | INFO     | root                 | _load_auth_state     | Loaded persisted authentication for user (user)
2025-07-24 17:34:05 | INFO     | werkzeug             | _log                 | 127.0.0.1 - - [24/Jul/2025 17:34:05] "GET / HTTP/1.1" 200 -
2025-07-24 17:34:09 | INFO     | root                 | _load_auth_state     | Loaded persisted authentication for user (user)
2025-07-24 17:34:09 | DEBUG    | root                 | get                  | Cache MISS for fibonacci: 29
2025-07-24 17:34:10 | DEBUG    | root                 | set                  | Cache STORED for fibonacci: 29 = 514229
2025-07-24 17:34:10 | INFO     | werkzeug             | _log                 | 127.0.0.1 - - [24/Jul/2025 17:34:10] "POST / HTTP/1.1" 200 -
2025-07-24 17:34:12 | INFO     | root                 | _load_auth_state     | Loaded persisted authentication for user (user)
2025-07-24 17:34:12 | INFO     | werkzeug             | _log                 | 127.0.0.1 - - [24/Jul/2025 17:34:12] "POST / HTTP/1.1" 200 -
2025-07-24 17:34:20 | INFO     | root                 | logout               | User user (user) logging out
2025-07-24 17:34:20 | INFO     | root                 | logout               | Logout details: {'user': 'user', 'role': 'user', 'logout_time': '2025-07-24T14:34:20.581659', 'session_ended': True}
2025-07-24 17:34:20 | INFO     | root                 | logout               | Persisted authentication state removed
2025-07-24 14:40:08 | INFO     | root                 | init_database        | Database initialized successfully
2025-07-24 15:28:38 | INFO     | root                 | init_database        | Database initialized successfully
2025-07-24 15:28:38 | INFO     | root                 | get_container_auth_from_env | Container authentication credentials found for user: user
2025-07-24 15:28:38 | INFO     | root                 | authenticate_container_mode | Container authentication successful for user (user)
2025-07-24 15:28:38 | INFO     | root                 | setup_signal_handlers | Signal handlers registered for graceful shutdown
2025-07-24 15:28:38 | INFO     | werkzeug             | _log                 | [31m[1mWARNING: This is a development server. Do not use it in a production deployment. Use a production WSGI server instead.[0m
 * Running on all addresses (0.0.0.0)
 * Running on http://127.0.0.1:5000
 * Running on http://172.18.0.2:5000
2025-07-24 15:28:38 | INFO     | werkzeug             | _log                 | [33mPress CTRL+C to quit[0m
2025-07-24 15:31:09 | INFO     | root                 | _load_auth_state     | Loaded persisted authentication for user (user)
2025-07-24 15:31:09 | INFO     | werkzeug             | _log                 | 172.18.0.1 - - [24/Jul/2025 15:31:09] "GET / HTTP/1.1" 200 -
2025-07-24 15:33:46 | INFO     | root                 | _load_auth_state     | Loaded persisted authentication for user (user)
2025-07-24 15:33:46 | DEBUG    | root                 | get                  | Cache MISS for fibonacci: 29
2025-07-24 15:33:46 | DEBUG    | root                 | set                  | Cache STORED for fibonacci: 29 = 514229
2025-07-24 15:33:46 | INFO     | werkzeug             | _log                 | 172.18.0.1 - - [24/Jul/2025 15:33:46] "POST / HTTP/1.1" 200 -
2025-07-24 15:39:01 | INFO     | root                 | _load_auth_state     | Loaded persisted authentication for user (user)
2025-07-24 15:39:01 | INFO     | werkzeug             | _log                 | 172.18.0.1 - - [24/Jul/2025 15:39:01] "POST / HTTP/1.1" 200 -
